Token/Identifier/Constant: read
Position in Symbol Table: Pair(first=-1, second=-1)
Category: 2

Token/Identifier/Constant: (
Position in Symbol Table: Pair(first=-1, second=-1)
Category: 4

Token/Identifier/Constant: a
Position in Symbol Table: Pair(first=1, second=3)
Category: 1

Token/Identifier/Constant: )
Position in Symbol Table: Pair(first=-1, second=-1)
Category: 4

Token/Identifier/Constant: ;
Position in Symbol Table: Pair(first=-1, second=-1)
Category: 4

Token/Identifier/Constant: read
Position in Symbol Table: Pair(first=-1, second=-1)
Category: 2

Token/Identifier/Constant: (
Position in Symbol Table: Pair(first=-1, second=-1)
Category: 4

Token/Identifier/Constant: b
Position in Symbol Table: Pair(first=2, second=3)
Category: 1

Token/Identifier/Constant: )
Position in Symbol Table: Pair(first=-1, second=-1)
Category: 4

Token/Identifier/Constant: ;
Position in Symbol Table: Pair(first=-1, second=-1)
Category: 4

Token/Identifier/Constant: read
Position in Symbol Table: Pair(first=-1, second=-1)
Category: 2

Token/Identifier/Constant: (
Position in Symbol Table: Pair(first=-1, second=-1)
Category: 4

Token/Identifier/Constant: c
Position in Symbol Table: Pair(first=3, second=3)
Category: 1

Token/Identifier/Constant: )
Position in Symbol Table: Pair(first=-1, second=-1)
Category: 4

Token/Identifier/Constant: ;
Position in Symbol Table: Pair(first=-1, second=-1)
Category: 4

Token/Identifier/Constant: if
Position in Symbol Table: Pair(first=-1, second=-1)
Category: 2

Token/Identifier/Constant: (
Position in Symbol Table: Pair(first=-1, second=-1)
Category: 4

Token/Identifier/Constant: a
Position in Symbol Table: Pair(first=5, second=3)
Category: 1

Token/Identifier/Constant: <
Position in Symbol Table: Pair(first=-1, second=-1)
Category: 3

Token/Identifier/Constant: b
Position in Symbol Table: Pair(first=5, second=5)
Category: 1

Token/Identifier/Constant: )
Position in Symbol Table: Pair(first=-1, second=-1)
Category: 4

Token/Identifier/Constant: {
Position in Symbol Table: Pair(first=-1, second=-1)
Category: 4

Token/Identifier/Constant: if
Position in Symbol Table: Pair(first=-1, second=-1)
Category: 2

Token/Identifier/Constant: (
Position in Symbol Table: Pair(first=-1, second=-1)
Category: 4

Token/Identifier/Constant: a
Position in Symbol Table: Pair(first=6, second=3)
Category: 1

Token/Identifier/Constant: <
Position in Symbol Table: Pair(first=-1, second=-1)
Category: 3

Token/Identifier/Constant: c
Position in Symbol Table: Pair(first=6, second=5)
Category: 1

Token/Identifier/Constant: )
Position in Symbol Table: Pair(first=-1, second=-1)
Category: 4

Token/Identifier/Constant: {
Position in Symbol Table: Pair(first=-1, second=-1)
Category: 4

Token/Identifier/Constant: smallest
Position in Symbol Table: Pair(first=7, second=1)
Category: 1

Token/Identifier/Constant: =
Position in Symbol Table: Pair(first=-1, second=-1)
Category: 3

Token/Identifier/Constant: a
Position in Symbol Table: Pair(first=7, second=3)
Category: 1

Token/Identifier/Constant: ;
Position in Symbol Table: Pair(first=-1, second=-1)
Category: 4

Token/Identifier/Constant: }
Position in Symbol Table: Pair(first=-1, second=-1)
Category: 4

Token/Identifier/Constant: }
Position in Symbol Table: Pair(first=-1, second=-1)
Category: 4

Token/Identifier/Constant: else
Position in Symbol Table: Pair(first=-1, second=-1)
Category: 2

Token/Identifier/Constant: if
Position in Symbol Table: Pair(first=-1, second=-1)
Category: 2

Token/Identifier/Constant: (
Position in Symbol Table: Pair(first=-1, second=-1)
Category: 4

Token/Identifier/Constant: b
Position in Symbol Table: Pair(first=9, second=5)
Category: 1

Token/Identifier/Constant: <
Position in Symbol Table: Pair(first=-1, second=-1)
Category: 3

Token/Identifier/Constant: a
Position in Symbol Table: Pair(first=9, second=7)
Category: 1

Token/Identifier/Constant: )
Position in Symbol Table: Pair(first=-1, second=-1)
Category: 4

Token/Identifier/Constant: {
Position in Symbol Table: Pair(first=-1, second=-1)
Category: 4

Token/Identifier/Constant: if
Position in Symbol Table: Pair(first=-1, second=-1)
Category: 2

Token/Identifier/Constant: (
Position in Symbol Table: Pair(first=-1, second=-1)
Category: 4

Token/Identifier/Constant: b
Position in Symbol Table: Pair(first=10, second=3)
Category: 1

Token/Identifier/Constant: <
Position in Symbol Table: Pair(first=-1, second=-1)
Category: 3

Token/Identifier/Constant: c
Position in Symbol Table: Pair(first=10, second=5)
Category: 1

Token/Identifier/Constant: )
Position in Symbol Table: Pair(first=-1, second=-1)
Category: 4

Token/Identifier/Constant: {
Position in Symbol Table: Pair(first=-1, second=-1)
Category: 4

Token/Identifier/Constant: smallest
Position in Symbol Table: Pair(first=11, second=1)
Category: 1

Token/Identifier/Constant: =
Position in Symbol Table: Pair(first=-1, second=-1)
Category: 3

Token/Identifier/Constant: b
Position in Symbol Table: Pair(first=11, second=3)
Category: 1

Token/Identifier/Constant: ;
Position in Symbol Table: Pair(first=-1, second=-1)
Category: 4

Token/Identifier/Constant: }
Position in Symbol Table: Pair(first=-1, second=-1)
Category: 4

Token/Identifier/Constant: }
Position in Symbol Table: Pair(first=-1, second=-1)
Category: 4

Token/Identifier/Constant: else
Position in Symbol Table: Pair(first=-1, second=-1)
Category: 2

Token/Identifier/Constant: {
Position in Symbol Table: Pair(first=-1, second=-1)
Category: 4

Token/Identifier/Constant: smallest
Position in Symbol Table: Pair(first=14, second=1)
Category: 1

Token/Identifier/Constant: =
Position in Symbol Table: Pair(first=-1, second=-1)
Category: 3

Token/Identifier/Constant: c
Position in Symbol Table: Pair(first=14, second=3)
Category: 1

Token/Identifier/Constant: ;
Position in Symbol Table: Pair(first=-1, second=-1)
Category: 4

Token/Identifier/Constant: }
Position in Symbol Table: Pair(first=-1, second=-1)
Category: 4


