int	==>	Pair(first=-1, second=-1) ---> 2

a	==>	Pair(first=1, second=2) ---> 1

;	==>	Pair(first=-1, second=-1) ---> 4

int	==>	Pair(first=-1, second=-1) ---> 2

b	==>	Pair(first=2, second=2) ---> 1

;	==>	Pair(first=-1, second=-1) ---> 4

int	==>	Pair(first=-1, second=-1) ---> 2

c	==>	Pair(first=3, second=2) ---> 1

;	==>	Pair(first=-1, second=-1) ---> 4

read	==>	Pair(first=-1, second=-1) ---> 2

(	==>	Pair(first=-1, second=-1) ---> 4

a	==>	Pair(first=5, second=3) ---> 1

)	==>	Pair(first=-1, second=-1) ---> 4

;	==>	Pair(first=-1, second=-1) ---> 4

read	==>	Pair(first=-1, second=-1) ---> 2

(	==>	Pair(first=-1, second=-1) ---> 4

b	==>	Pair(first=6, second=3) ---> 1

)	==>	Pair(first=-1, second=-1) ---> 4

;	==>	Pair(first=-1, second=-1) ---> 4

while	==>	Pair(first=-1, second=-1) ---> 2

(	==>	Pair(first=-1, second=-1) ---> 4

b	==>	Pair(first=8, second=3) ---> 1

!=	==>	Pair(first=-1, second=-1) ---> 3

0	==>	Pair(first=8, second=5) ---> 0

)	==>	Pair(first=-1, second=-1) ---> 4

{	==>	Pair(first=-1, second=-1) ---> 4

c	==>	Pair(first=9, second=1) ---> 1

=	==>	Pair(first=-1, second=-1) ---> 3

a	==>	Pair(first=9, second=3) ---> 1

%	==>	Pair(first=-1, second=-1) ---> 3

b	==>	Pair(first=9, second=5) ---> 1

;	==>	Pair(first=-1, second=-1) ---> 4

a	==>	Pair(first=10, second=1) ---> 1

=	==>	Pair(first=-1, second=-1) ---> 3

b	==>	Pair(first=10, second=3) ---> 1

;	==>	Pair(first=-1, second=-1) ---> 4

b	==>	Pair(first=11, second=1) ---> 1

=	==>	Pair(first=-1, second=-1) ---> 3

c	==>	Pair(first=11, second=3) ---> 1

;	==>	Pair(first=-1, second=-1) ---> 4

}	==>	Pair(first=-1, second=-1) ---> 4

print	==>	Pair(first=-1, second=-1) ---> 2

(	==>	Pair(first=-1, second=-1) ---> 4

a	==>	Pair(first=13, second=3) ---> 1

)	==>	Pair(first=-1, second=-1) ---> 4

;	==>	Pair(first=-1, second=-1) ---> 4


