int - Pair {first = -1, second = -1} -> 2
; - Pair {first = -1, second = -1} -> 4
int - Pair {first = -1, second = -1} -> 2
b - Pair {first = 2, second = 2} -> 1
; - Pair {first = -1, second = -1} -> 4
int - Pair {first = -1, second = -1} -> 2
c - Pair {first = 3, second = 2} -> 1
; - Pair {first = -1, second = -1} -> 4
int - Pair {first = -1, second = -1} -> 2
max - Pair {first = 4, second = 2} -> 1
; - Pair {first = -1, second = -1} -> 4
read - Pair {first = -1, second = -1} -> 2
( - Pair {first = -1, second = -1} -> 4
a - Pair {first = 6, second = 3} -> 1
) - Pair {first = -1, second = -1} -> 4
; - Pair {first = -1, second = -1} -> 4
read - Pair {first = -1, second = -1} -> 2
( - Pair {first = -1, second = -1} -> 4
b - Pair {first = 7, second = 3} -> 1
) - Pair {first = -1, second = -1} -> 4
; - Pair {first = -1, second = -1} -> 4
read - Pair {first = -1, second = -1} -> 2
( - Pair {first = -1, second = -1} -> 4
c - Pair {first = 8, second = 3} -> 1
) - Pair {first = -1, second = -1} -> 4
; - Pair {first = -1, second = -1} -> 4
if - Pair {first = -1, second = -1} -> 2
( - Pair {first = -1, second = -1} -> 4
a - Pair {first = 10, second = 3} -> 1
> - Pair {first = -1, second = -1} -> 3
b - Pair {first = 10, second = 5} -> 1
) - Pair {first = -1, second = -1} -> 4
{ - Pair {first = -1, second = -1} -> 4
max - Pair {first = 11, second = 1} -> 1
= - Pair {first = -1, second = -1} -> 3
a - Pair {first = 11, second = 3} -> 1
; - Pair {first = -1, second = -1} -> 4
} - Pair {first = -1, second = -1} -> 4
else - Pair {first = -1, second = -1} -> 2
{ - Pair {first = -1, second = -1} -> 4
max - Pair {first = 14, second = 1} -> 1
= - Pair {first = -1, second = -1} -> 3
b - Pair {first = 14, second = 3} -> 1
; - Pair {first = -1, second = -1} -> 4
} - Pair {first = -1, second = -1} -> 4
if - Pair {first = -1, second = -1} -> 2
( - Pair {first = -1, second = -1} -> 4
c - Pair {first = 17, second = 3} -> 1
> - Pair {first = -1, second = -1} -> 3
max - Pair {first = 17, second = 5} -> 1
) - Pair {first = -1, second = -1} -> 4
{ - Pair {first = -1, second = -1} -> 4
max - Pair {first = 18, second = 1} -> 1
= - Pair {first = -1, second = -1} -> 3
c - Pair {first = 18, second = 3} -> 1
; - Pair {first = -1, second = -1} -> 4
} - Pair {first = -1, second = -1} -> 4
print - Pair {first = -1, second = -1} -> 2
( - Pair {first = -1, second = -1} -> 4
max - Pair {first = 21, second = 3} -> 1
) - Pair {first = -1, second = -1} -> 4
; - Pair {first = -1, second = -1} -> 4

