read - Pair {first = 12, second = 0} -> 1
( - Pair {first = -1, second = -1} -> 4
a - Pair {first = 97, second = 0} -> 1
) - Pair {first = -1, second = -1} -> 4
; - Pair {first = -1, second = -1} -> 4
read - Pair {first = 12, second = 0} -> 1
( - Pair {first = -1, second = -1} -> 4
b - Pair {first = 98, second = 0} -> 1
) - Pair {first = -1, second = -1} -> 4
; - Pair {first = -1, second = -1} -> 4
read - Pair {first = 12, second = 0} -> 1
( - Pair {first = -1, second = -1} -> 4
c - Pair {first = 99, second = 0} -> 1
) - Pair {first = -1, second = -1} -> 4
; - Pair {first = -1, second = -1} -> 4
if - Pair {first = -1, second = -1} -> 2
( - Pair {first = -1, second = -1} -> 4
a - Pair {first = 97, second = 0} -> 1
< - Pair {first = -1, second = -1} -> 3
b - Pair {first = 98, second = 0} -> 1
) - Pair {first = -1, second = -1} -> 4
{ - Pair {first = -1, second = -1} -> 4
if - Pair {first = -1, second = -1} -> 2
( - Pair {first = -1, second = -1} -> 4
a - Pair {first = 97, second = 0} -> 1
< - Pair {first = -1, second = -1} -> 3
c - Pair {first = 99, second = 0} -> 1
) - Pair {first = -1, second = -1} -> 4
{ - Pair {first = -1, second = -1} -> 4
smallest - Pair {first = 69, second = 0} -> 1
= - Pair {first = -1, second = -1} -> 3
a - Pair {first = 97, second = 0} -> 1
; - Pair {first = -1, second = -1} -> 4
} - Pair {first = -1, second = -1} -> 4
} - Pair {first = -1, second = -1} -> 4
else - Pair {first = -1, second = -1} -> 2
if - Pair {first = -1, second = -1} -> 2
( - Pair {first = -1, second = -1} -> 4
b - Pair {first = 98, second = 0} -> 1
< - Pair {first = -1, second = -1} -> 3
a - Pair {first = 97, second = 0} -> 1
) - Pair {first = -1, second = -1} -> 4
{ - Pair {first = -1, second = -1} -> 4
if - Pair {first = -1, second = -1} -> 2
( - Pair {first = -1, second = -1} -> 4
b - Pair {first = 98, second = 0} -> 1
< - Pair {first = -1, second = -1} -> 3
c - Pair {first = 99, second = 0} -> 1
) - Pair {first = -1, second = -1} -> 4
{ - Pair {first = -1, second = -1} -> 4
smallest - Pair {first = 69, second = 0} -> 1
= - Pair {first = -1, second = -1} -> 3
b - Pair {first = 98, second = 0} -> 1
; - Pair {first = -1, second = -1} -> 4
} - Pair {first = -1, second = -1} -> 4
} - Pair {first = -1, second = -1} -> 4
else - Pair {first = -1, second = -1} -> 2
{ - Pair {first = -1, second = -1} -> 4
smallest - Pair {first = 69, second = 0} -> 1
= - Pair {first = -1, second = -1} -> 3
c - Pair {first = 99, second = 0} -> 1
; - Pair {first = -1, second = -1} -> 4
} - Pair {first = -1, second = -1} -> 4

