Token/Identifier/Constant: int
Position in Symbol Table: Pair {first = -1, second = -1}
Category: 2

Token/Identifier/Constant: n
Position in Symbol Table: Pair {first = 1, second = 2}
Category: 1

Token/Identifier/Constant: ;
Position in Symbol Table: Pair {first = -1, second = -1}
Category: 4

Token/Identifier/Constant: array
Position in Symbol Table: Pair {first = -1, second = -1}
Category: 2

Token/Identifier/Constant: [
Position in Symbol Table: Pair {first = -1, second = -1}
Category: 4

Token/Identifier/Constant: 1000
Position in Symbol Table: Pair {first = 2, second = 3}
Category: 0

Token/Identifier/Constant: ]
Position in Symbol Table: Pair {first = -1, second = -1}
Category: 4

Token/Identifier/Constant: x
Position in Symbol Table: Pair {first = 2, second = 5}
Category: 1

Token/Identifier/Constant: ;
Position in Symbol Table: Pair {first = -1, second = -1}
Category: 4

Token/Identifier/Constant: int
Position in Symbol Table: Pair {first = -1, second = -1}
Category: 2

Token/Identifier/Constant: s
Position in Symbol Table: Pair {first = 3, second = 2}
Category: 1

Token/Identifier/Constant: ;
Position in Symbol Table: Pair {first = -1, second = -1}
Category: 4

Token/Identifier/Constant: int
Position in Symbol Table: Pair {first = -1, second = -1}
Category: 2

Token/Identifier/Constant: i
Position in Symbol Table: Pair {first = 4, second = 2}
Category: 1

Token/Identifier/Constant: ;
Position in Symbol Table: Pair {first = -1, second = -1}
Category: 4

Token/Identifier/Constant: read
Position in Symbol Table: Pair {first = -1, second = -1}
Category: 2

Token/Identifier/Constant: (
Position in Symbol Table: Pair {first = -1, second = -1}
Category: 4

Token/Identifier/Constant: n
Position in Symbol Table: Pair {first = 6, second = 3}
Category: 1

Token/Identifier/Constant: )
Position in Symbol Table: Pair {first = -1, second = -1}
Category: 4

Token/Identifier/Constant: ;
Position in Symbol Table: Pair {first = -1, second = -1}
Category: 4

Token/Identifier/Constant: sum
Position in Symbol Table: Pair {first = 8, second = 1}
Category: 1

Token/Identifier/Constant: =
Position in Symbol Table: Pair {first = -1, second = -1}
Category: 3

Token/Identifier/Constant: 0
Position in Symbol Table: Pair {first = 8, second = 3}
Category: 0

Token/Identifier/Constant: ;
Position in Symbol Table: Pair {first = -1, second = -1}
Category: 4

Token/Identifier/Constant: i
Position in Symbol Table: Pair {first = 9, second = 1}
Category: 1

Token/Identifier/Constant: =
Position in Symbol Table: Pair {first = -1, second = -1}
Category: 3

Token/Identifier/Constant: 0
Position in Symbol Table: Pair {first = 9, second = 3}
Category: 0

Token/Identifier/Constant: ;
Position in Symbol Table: Pair {first = -1, second = -1}
Category: 4

Token/Identifier/Constant: while
Position in Symbol Table: Pair {first = -1, second = -1}
Category: 2

Token/Identifier/Constant: (
Position in Symbol Table: Pair {first = -1, second = -1}
Category: 4

Token/Identifier/Constant: i
Position in Symbol Table: Pair {first = 11, second = 3}
Category: 1

Token/Identifier/Constant: <
Position in Symbol Table: Pair {first = -1, second = -1}
Category: 3

Token/Identifier/Constant: n
Position in Symbol Table: Pair {first = 11, second = 5}
Category: 1

Token/Identifier/Constant: )
Position in Symbol Table: Pair {first = -1, second = -1}
Category: 4

Token/Identifier/Constant: {
Position in Symbol Table: Pair {first = -1, second = -1}
Category: 4

Token/Identifier/Constant: read
Position in Symbol Table: Pair {first = -1, second = -1}
Category: 2

Token/Identifier/Constant: (
Position in Symbol Table: Pair {first = -1, second = -1}
Category: 4

Token/Identifier/Constant: x
Position in Symbol Table: Pair {first = 12, second = 3}
Category: 1

Token/Identifier/Constant: [
Position in Symbol Table: Pair {first = -1, second = -1}
Category: 4

Token/Identifier/Constant: i
Position in Symbol Table: Pair {first = 12, second = 5}
Category: 1

Token/Identifier/Constant: ]
Position in Symbol Table: Pair {first = -1, second = -1}
Category: 4

Token/Identifier/Constant: )
Position in Symbol Table: Pair {first = -1, second = -1}
Category: 4

Token/Identifier/Constant: ;
Position in Symbol Table: Pair {first = -1, second = -1}
Category: 4

Token/Identifier/Constant: s
Position in Symbol Table: Pair {first = 13, second = 1}
Category: 1

Token/Identifier/Constant: =
Position in Symbol Table: Pair {first = -1, second = -1}
Category: 3

Token/Identifier/Constant: s
Position in Symbol Table: Pair {first = 13, second = 3}
Category: 1

Token/Identifier/Constant: +
Position in Symbol Table: Pair {first = -1, second = -1}
Category: 3

Token/Identifier/Constant: x
Position in Symbol Table: Pair {first = 13, second = 5}
Category: 1

Token/Identifier/Constant: ;
Position in Symbol Table: Pair {first = -1, second = -1}
Category: 4

Token/Identifier/Constant: i
Position in Symbol Table: Pair {first = 14, second = 1}
Category: 1

Token/Identifier/Constant: =
Position in Symbol Table: Pair {first = -1, second = -1}
Category: 3

Token/Identifier/Constant: i
Position in Symbol Table: Pair {first = 14, second = 3}
Category: 1

Token/Identifier/Constant: +
Position in Symbol Table: Pair {first = -1, second = -1}
Category: 3

Token/Identifier/Constant: 1
Position in Symbol Table: Pair {first = 14, second = 5}
Category: 0

Token/Identifier/Constant: ;
Position in Symbol Table: Pair {first = -1, second = -1}
Category: 4

Token/Identifier/Constant: }
Position in Symbol Table: Pair {first = -1, second = -1}
Category: 4

Token/Identifier/Constant: print
Position in Symbol Table: Pair {first = -1, second = -1}
Category: 2

Token/Identifier/Constant: (
Position in Symbol Table: Pair {first = -1, second = -1}
Category: 4

Token/Identifier/Constant: "The sum is "
Position in Symbol Table: Pair {first = 17, second = 3}
Category: 0

Token/Identifier/Constant: )
Position in Symbol Table: Pair {first = -1, second = -1}
Category: 4

Token/Identifier/Constant: ;
Position in Symbol Table: Pair {first = -1, second = -1}
Category: 4

Token/Identifier/Constant: print
Position in Symbol Table: Pair {first = -1, second = -1}
Category: 2

Token/Identifier/Constant: (
Position in Symbol Table: Pair {first = -1, second = -1}
Category: 4

Token/Identifier/Constant: s
Position in Symbol Table: Pair {first = 18, second = 3}
Category: 1

Token/Identifier/Constant: )
Position in Symbol Table: Pair {first = -1, second = -1}
Category: 4

Token/Identifier/Constant: ;
Position in Symbol Table: Pair {first = -1, second = -1}
Category: 4


